<?xml version="1.0" encoding="UTF-8"?>
<testsuite xmlns:xsi="http://www.w3.org/2001/XMLSchema-instance" xsi:noNamespaceSchemaLocation="https://maven.apache.org/surefire/maven-surefire-plugin/xsd/surefire-test-report-3.0.xsd" version="3.0" name="com.niraj.order_service.OrderProductApplicationTests" time="30.35" tests="1" errors="0" skipped="0" failures="0">
  <properties>
[...]
</properties>
  <testcase name="contextLoads" classname="com.niraj.order_service.OrderProductApplicationTests" time="2.552">
    <system-out><![CDATA[12:54:01.866 [main] INFO org.springframework.test.context.support.AnnotationConfigContextLoaderUtils -- Could not detect default configuration classes for test class [com.niraj.order_service.OrderProductApplicationTests]: OrderProductApplicationTests does not declare any static, non-private, non-final, nested classes annotated with @Configuration.
12:54:02.068 [main] INFO org.springframework.boot.test.context.SpringBootTestContextBootstrapper -- Found @SpringBootConfiguration com.niraj.order_service.OrderProductApplication for test class com.niraj.order_service.OrderProductApplicationTests
  .   ____          _            __ _ _
 /\\ / ___'_ __ _ _(_)_ __  __ _ \ \ \ \
( ( )\___ | '_ | '_| | '_ \/ _` | \ \ \ \
 \\/  ___)| |_)| | | | | || (_| |  ) ) ) )
  '  |____| .__|_| |_|_| |_\__, | / / / /
 =========|_|==============|___/=/_/_/_/

 :: Spring Boot ::                (v3.3.0)

2024-05-29T12:54:04.202+05:30  INFO 13036 --- [order-product] [           main] c.n.o.OrderProductApplicationTests       : Starting OrderProductApplicationTests using Java 17.0.7 with PID 13036 (started by DELL in E:\project  micro\microservices-new\order-service)
2024-05-29T12:54:04.205+05:30  INFO 13036 --- [order-product] [           main] c.n.o.OrderProductApplicationTests       : No active profile set, falling back to 1 default profile: "default"
2024-05-29T12:54:07.940+05:30  INFO 13036 --- [order-product] [           main] .s.d.r.c.RepositoryConfigurationDelegate : Bootstrapping Spring Data JPA repositories in DEFAULT mode.
2024-05-29T12:54:08.301+05:30  INFO 13036 --- [order-product] [           main] .s.d.r.c.RepositoryConfigurationDelegate : Finished Spring Data repository scanning in 344 ms. Found 1 JPA repository interface.
2024-05-29T12:54:09.459+05:30  INFO 13036 --- [order-product] [           main] o.s.cloud.context.scope.GenericScope     : BeanFactory id=ab537c18-7c59-3b6d-ac21-21dc169547fd
2024-05-29T12:54:10.422+05:30  WARN 13036 --- [order-product] [           main] trationDelegate$BeanPostProcessorChecker : Bean 'org.springframework.cloud.client.loadbalancer.LoadBalancerAutoConfiguration$DeferringLoadBalancerInterceptorConfig' of type [org.springframework.cloud.client.loadbalancer.LoadBalancerAutoConfiguration$DeferringLoadBalancerInterceptorConfig] is not eligible for getting processed by all BeanPostProcessors (for example: not eligible for auto-proxying). The currently created BeanPostProcessor [lbRestClientPostProcessor] is declared through a non-static factory method on that class; consider declaring it as static instead.
2024-05-29T12:54:10.439+05:30  WARN 13036 --- [order-product] [           main] trationDelegate$BeanPostProcessorChecker : Bean 'deferringLoadBalancerInterceptor' of type [org.springframework.cloud.client.loadbalancer.DeferringLoadBalancerInterceptor] is not eligible for getting processed by all BeanPostProcessors (for example: not eligible for auto-proxying). Is this bean getting eagerly injected into a currently created BeanPostProcessor [lbRestClientPostProcessor]? Check the corresponding BeanPostProcessor declaration and its dependencies.
2024-05-29T12:54:10.453+05:30  WARN 13036 --- [order-product] [           main] trationDelegate$BeanPostProcessorChecker : Bean 'org.springframework.cloud.client.loadbalancer.reactive.LoadBalancerBeanPostProcessorAutoConfiguration' of type [org.springframework.cloud.client.loadbalancer.reactive.LoadBalancerBeanPostProcessorAutoConfiguration] is not eligible for getting processed by all BeanPostProcessors (for example: not eligible for auto-proxying). The currently created BeanPostProcessor [loadBalancerWebClientBuilderBeanPostProcessor] is declared through a non-static factory method on that class; consider declaring it as static instead.
2024-05-29T12:54:10.463+05:30  WARN 13036 --- [order-product] [           main] trationDelegate$BeanPostProcessorChecker : Bean 'org.springframework.cloud.client.loadbalancer.reactive.LoadBalancerBeanPostProcessorAutoConfiguration$ReactorDeferringLoadBalancerFilterConfig' of type [org.springframework.cloud.client.loadbalancer.reactive.LoadBalancerBeanPostProcessorAutoConfiguration$ReactorDeferringLoadBalancerFilterConfig] is not eligible for getting processed by all BeanPostProcessors (for example: not eligible for auto-proxying). Is this bean getting eagerly injected into a currently created BeanPostProcessor [loadBalancerWebClientBuilderBeanPostProcessor]? Check the corresponding BeanPostProcessor declaration and its dependencies.
2024-05-29T12:54:10.472+05:30  WARN 13036 --- [order-product] [           main] trationDelegate$BeanPostProcessorChecker : Bean 'reactorDeferringLoadBalancerExchangeFilterFunction' of type [org.springframework.cloud.client.loadbalancer.reactive.DeferringLoadBalancerExchangeFilterFunction] is not eligible for getting processed by all BeanPostProcessors (for example: not eligible for auto-proxying). Is this bean getting eagerly injected into a currently created BeanPostProcessor [loadBalancerWebClientBuilderBeanPostProcessor]? Check the corresponding BeanPostProcessor declaration and its dependencies.
2024-05-29T12:54:11.057+05:30  INFO 13036 --- [order-product] [           main] o.hibernate.jpa.internal.util.LogHelper  : HHH000204: Processing PersistenceUnitInfo [name: default]
2024-05-29T12:54:11.233+05:30  INFO 13036 --- [order-product] [           main] org.hibernate.Version                    : HHH000412: Hibernate ORM core version 6.5.2.Final
2024-05-29T12:54:11.335+05:30  INFO 13036 --- [order-product] [           main] o.h.c.internal.RegionFactoryInitiator    : HHH000026: Second-level cache disabled
2024-05-29T12:54:12.172+05:30  INFO 13036 --- [order-product] [           main] o.s.o.j.p.SpringPersistenceUnitInfo      : No LoadTimeWeaver setup: ignoring JPA class transformer
2024-05-29T12:54:12.267+05:30  INFO 13036 --- [order-product] [           main] com.zaxxer.hikari.HikariDataSource       : HikariPool-1 - Starting...
2024-05-29T12:54:13.294+05:30  INFO 13036 --- [order-product] [           main] com.zaxxer.hikari.pool.HikariPool        : HikariPool-1 - Added connection com.mysql.cj.jdbc.ConnectionImpl@6e1d9b32
2024-05-29T12:54:13.300+05:30  INFO 13036 --- [order-product] [           main] com.zaxxer.hikari.HikariDataSource       : HikariPool-1 - Start completed.
2024-05-29T12:54:15.648+05:30  INFO 13036 --- [order-product] [           main] o.h.e.t.j.p.i.JtaPlatformInitiator       : HHH000489: No JTA platform available (set 'hibernate.transaction.jta.platform' to enable JTA platform integration)
2024-05-29T12:54:15.879+05:30  INFO 13036 --- [order-product] [           main] j.LocalContainerEntityManagerFactoryBean : Initialized JPA EntityManagerFactory for persistence unit 'default'
2024-05-29T12:54:20.072+05:30  WARN 13036 --- [order-product] [           main] JpaBaseConfiguration$JpaWebConfiguration : spring.jpa.open-in-view is enabled by default. Therefore, database queries may be performed during view rendering. Explicitly configure spring.jpa.open-in-view to disable this warning
2024-05-29T12:54:22.965+05:30  INFO 13036 --- [order-product] [           main] o.s.cloud.commons.util.InetUtils         : Cannot determine local hostname
2024-05-29T12:54:24.315+05:30  INFO 13036 --- [order-product] [           main] o.s.cloud.commons.util.InetUtils         : Cannot determine local hostname
2024-05-29T12:54:27.194+05:30  INFO 13036 --- [order-product] [           main] o.s.cloud.commons.util.InetUtils         : Cannot determine local hostname
2024-05-29T12:54:27.282+05:30  INFO 13036 --- [order-product] [           main] DiscoveryClientOptionalArgsConfiguration : Eureka HTTP Client uses RestTemplate.
2024-05-29T12:54:27.523+05:30  WARN 13036 --- [order-product] [           main] iguration$LoadBalancerCaffeineWarnLogger : Spring Cloud LoadBalancer is currently working with the default cache. While this cache implementation is useful for development and tests, it's recommended to use Caffeine cache in production.You can switch to using Caffeine cache, by adding it and org.springframework.cache.caffeine.CaffeineCacheManager to the classpath.
2024-05-29T12:54:27.670+05:30  INFO 13036 --- [order-product] [           main] o.s.b.a.e.web.EndpointLinksResolver      : Exposing 25 endpoints beneath base path '/actuator'
2024-05-29T12:54:27.920+05:30  INFO 13036 --- [order-product] [           main] o.s.c.n.eureka.InstanceInfoFactory       : Setting initial instance status as: STARTING
2024-05-29T12:54:28.224+05:30  INFO 13036 --- [order-product] [           main] com.netflix.discovery.DiscoveryClient    : Initializing Eureka in region us-east-1
2024-05-29T12:54:28.237+05:30  INFO 13036 --- [order-product] [           main] c.n.d.s.r.aws.ConfigClusterResolver      : Resolving eureka endpoints via configuration
2024-05-29T12:54:28.306+05:30  INFO 13036 --- [order-product] [           main] com.netflix.discovery.DiscoveryClient    : Disable delta property : false
2024-05-29T12:54:28.307+05:30  INFO 13036 --- [order-product] [           main] com.netflix.discovery.DiscoveryClient    : Single vip registry refresh property : null
2024-05-29T12:54:28.307+05:30  INFO 13036 --- [order-product] [           main] com.netflix.discovery.DiscoveryClient    : Force full registry fetch : false
2024-05-29T12:54:28.307+05:30  INFO 13036 --- [order-product] [           main] com.netflix.discovery.DiscoveryClient    : Application is null : false
2024-05-29T12:54:28.308+05:30  INFO 13036 --- [order-product] [           main] com.netflix.discovery.DiscoveryClient    : Registered Applications size is zero : true
2024-05-29T12:54:28.308+05:30  INFO 13036 --- [order-product] [           main] com.netflix.discovery.DiscoveryClient    : Application version is -1: true
2024-05-29T12:54:28.308+05:30  INFO 13036 --- [order-product] [           main] com.netflix.discovery.DiscoveryClient    : Getting all instance registry info from the eureka server
2024-05-29T12:54:29.123+05:30  INFO 13036 --- [order-product] [           main] com.netflix.discovery.DiscoveryClient    : The response status is 200
2024-05-29T12:54:29.131+05:30  INFO 13036 --- [order-product] [           main] com.netflix.discovery.DiscoveryClient    : Starting heartbeat executor: renew interval is: 30
2024-05-29T12:54:29.137+05:30  INFO 13036 --- [order-product] [           main] c.n.discovery.InstanceInfoReplicator     : InstanceInfoReplicator onDemand update allowed rate per min is 4
2024-05-29T12:54:29.151+05:30  INFO 13036 --- [order-product] [           main] com.netflix.discovery.DiscoveryClient    : Discovery Client initialized at timestamp 1716967469147 with initial instances count: 5
2024-05-29T12:54:29.183+05:30  INFO 13036 --- [order-product] [           main] o.s.c.n.e.s.EurekaServiceRegistry        : Registering application ORDER-PRODUCT with eureka with status UP
2024-05-29T12:54:29.184+05:30  INFO 13036 --- [order-product] [           main] com.netflix.discovery.DiscoveryClient    : Saw local status change event StatusChangeEvent [timestamp=1716967469184, current=UP, previous=STARTING]
2024-05-29T12:54:29.188+05:30  INFO 13036 --- [order-product] [nfoReplicator-0] com.netflix.discovery.DiscoveryClient    : DiscoveryClient_ORDER-PRODUCT/localhost:order-product:8081: registering service...
2024-05-29T12:54:29.262+05:30  INFO 13036 --- [order-product] [           main] c.n.o.OrderProductApplicationTests       : Started OrderProductApplicationTests in 26.853 seconds (process running for 28.898)
2024-05-29T12:54:30.078+05:30  INFO 13036 --- [order-product] [nfoReplicator-0] com.netflix.discovery.DiscoveryClient    : DiscoveryClient_ORDER-PRODUCT/localhost:order-product:8081 - registration status: 204
]]></system-out>
  </testcase>
</testsuite>